0 info it worked if it ends with ok
1 verbose cli [ '/usr/bin/node',
1 verbose cli   '/usr/bin/npm',
1 verbose cli   'run',
1 verbose cli   'dist',
1 verbose cli   '--prefix',
1 verbose cli   './bootstrap-4.3.1' ]
2 info using npm@2.15.11
3 info using node@v4.9.1
4 verbose run-script [ 'predist', 'dist', 'postdist' ]
5 info predist bootstrap@4.3.1
6 info dist bootstrap@4.3.1
7 verbose unsafe-perm in lifecycle true
8 info bootstrap@4.3.1 Failed to exec dist script
9 verbose stack Error: bootstrap@4.3.1 dist: `npm-run-all --parallel css js`
9 verbose stack Exit status 1
9 verbose stack     at EventEmitter.<anonymous> (/usr/lib/node_modules/npm/lib/utils/lifecycle.js:217:16)
9 verbose stack     at emitTwo (events.js:87:13)
9 verbose stack     at EventEmitter.emit (events.js:172:7)
9 verbose stack     at ChildProcess.<anonymous> (/usr/lib/node_modules/npm/lib/utils/spawn.js:24:14)
9 verbose stack     at emitTwo (events.js:87:13)
9 verbose stack     at ChildProcess.emit (events.js:172:7)
9 verbose stack     at maybeClose (internal/child_process.js:862:16)
9 verbose stack     at Process.ChildProcess._handle.onexit (internal/child_process.js:222:5)
10 verbose pkgid bootstrap@4.3.1
11 verbose cwd /code
12 error Linux 4.15.0-45-generic
13 error argv "/usr/bin/node" "/usr/bin/npm" "run" "dist" "--prefix" "./bootstrap-4.3.1"
14 error node v4.9.1
15 error npm  v2.15.11
16 error code ELIFECYCLE
17 error bootstrap@4.3.1 dist: `npm-run-all --parallel css js`
17 error Exit status 1
18 error Failed at the bootstrap@4.3.1 dist script 'npm-run-all --parallel css js'.
18 error This is most likely a problem with the bootstrap package,
18 error not with npm itself.
18 error Tell the author that this fails on your system:
18 error     npm-run-all --parallel css js
18 error You can get information on how to open an issue for this project with:
18 error     npm bugs bootstrap
18 error Or if that isn't available, you can get their info via:
18 error
18 error     npm owner ls bootstrap
18 error There is likely additional logging output above.
19 verbose exit [ 1, true ]
